<?xml version="1.0" encoding="UTF-8"?>
<Site BuildName="(empty)"
	BuildStamp="20250916-1701-Experimental"
	Name="gareth-joel-HP-Pavilion-Gaming-Laptop-15-ec2xxx"
	Generator="ctest-3.28.3"
	CompilerName="/usr/bin/g++"
	CompilerVersion="13.3.0"
	OSName="Linux"
	Hostname="gareth-joel-HP-Pavilion-Gaming-Laptop-15-ec2xxx"
	OSRelease="6.14.0-29-generic"
	OSVersion="#29~24.04.1-Ubuntu SMP PREEMPT_DYNAMIC Thu Aug 14 16:52:50 UTC 2"
	OSPlatform="x86_64"
	Is64Bits="1"
	VendorString="AuthenticAMD"
	VendorID="Advanced Micro Devices"
	FamilyID="25"
	ModelID="80"
	ProcessorCacheSize="512"
	NumberOfLogicalCPU="16"
	NumberOfPhysicalCPU="8"
	TotalVirtualMemory="4095"
	TotalPhysicalMemory="15327"
	LogicalProcessorsPerPhysical="2"
	ProcessorClockFrequency="3867.67"
	>
	<Testing>
		<StartDateTime>Sep 16 19:01 CEST</StartDateTime>
		<StartTestTime>1758042104</StartTestTime>
		<TestList/>
		<EndDateTime>Sep 16 19:01 CEST</EndDateTime>
		<EndTestTime>1758042104</EndTestTime>
		<ElapsedMinutes>0</ElapsedMinutes>
	</Testing>
</Site>
